<?xml version="1.0" encoding="UTF-8"?>
<!-- Generated by org.testng.reporters.JUnitReportReporter -->
<testsuite hostname="Satish-Ss-MacBook-Pro.local" name="com.sauce.Mytest.SauceTest" tests="1" failures="0" timestamp="2 Sep 2014 07:29:44 GMT" time="121.779" errors="0">
  <testcase name="Saucetest" time="121.779" classname="com.sauce.Mytest.SauceTest"/>
</testsuite> <!-- com.sauce.Mytest.SauceTest -->
